<?xml version="1.0" encoding="utf-8" standalone="no"?>
<!--This file represents the results of running a test suite-->
<test-results name="C:\Documents and Settings\Administrator\My Documents\GitHub\spinach-web\Parse.Data.UI\Parese.Data.UI.Tests\Parse.Data.UI.Tests.nunit" total="1" errors="0" failures="0" not-run="0" inconclusive="0" ignored="0" skipped="0" invalid="0" date="2012-10-01" time="22:49:36">
  <environment nunit-version="2.6.1.12217" clr-version="2.0.50727.3634" os-version="Microsoft Windows NT 5.1.2600 Service Pack 3" platform="Win32NT" cwd="C:\Documents and Settings\Administrator\My Documents\GitHub\spinach-web\Parse.Data.UI\Parese.Data.UI.Tests\bin\Debug" machine-name="OWNER-339707199" user="Administrator" user-domain="OWNER-339707199" />
  <culture-info current-culture="en-US" current-uiculture="en-US" />
  <test-suite type="Project" name="C:\Documents and Settings\Administrator\My Documents\GitHub\spinach-web\Parse.Data.UI\Parese.Data.UI.Tests\Parse.Data.UI.Tests.nunit" executed="True" result="Success" success="True" time="0.109" asserts="0">
    <results>
      <test-suite type="Assembly" name="C:\Documents and Settings\Administrator\My Documents\GitHub\spinach-web\Parse.Data.UI\Parese.Data.UI.Tests\bin\Debug\Parese.Data.UI.Tests.dll" executed="True" result="Success" success="True" time="0.094" asserts="0">
        <results>
          <test-suite type="Namespace" name="Parese" executed="True" result="Success" success="True" time="0.078" asserts="0">
            <results>
              <test-suite type="Namespace" name="Data" executed="True" result="Success" success="True" time="0.078" asserts="0">
                <results>
                  <test-suite type="Namespace" name="UI" executed="True" result="Success" success="True" time="0.078" asserts="0">
                    <results>
                      <test-suite type="Namespace" name="Tests" executed="True" result="Success" success="True" time="0.078" asserts="0">
                        <results>
                          <test-suite type="TestFixture" name="Class1" executed="True" result="Success" success="True" time="0.078" asserts="0">
                            <results>
                              <test-case name="Parese.Data.UI.Tests.Class1.TestMethod" executed="True" result="Success" success="True" time="0.016" asserts="0" />
                            </results>
                          </test-suite>
                        </results>
                      </test-suite>
                    </results>
                  </test-suite>
                </results>
              </test-suite>
            </results>
          </test-suite>
        </results>
      </test-suite>
    </results>
  </test-suite>
</test-results>